{"C:\\Works\\GoStack\\gostack11\\practice\\modulo01\\desafios\\desafio-conceitos-node\\src\\app.js": {"path":"C:\\Works\\GoStack\\gostack11\\practice\\modulo01\\desafios\\desafio-conceitos-node\\src\\app.js","statementMap":{"0":{"start":{"line":1,"column":16},"end":{"line":1,"column":34}},"1":{"start":{"line":2,"column":13},"end":{"line":2,"column":28}},"2":{"start":{"line":4,"column":39},"end":{"line":4,"column":54}},"3":{"start":{"line":6,"column":12},"end":{"line":6,"column":21}},"4":{"start":{"line":8,"column":0},"end":{"line":8,"column":24}},"5":{"start":{"line":9,"column":0},"end":{"line":9,"column":16}},"6":{"start":{"line":11,"column":21},"end":{"line":11,"column":23}},"7":{"start":{"line":13,"column":0},"end":{"line":17,"column":3}},"8":{"start":{"line":15,"column":2},"end":{"line":15,"column":37}},"9":{"start":{"line":19,"column":0},"end":{"line":35,"column":3}},"10":{"start":{"line":21,"column":30},"end":{"line":21,"column":42}},"11":{"start":{"line":23,"column":21},"end":{"line":29,"column":3}},"12":{"start":{"line":31,"column":2},"end":{"line":31,"column":32}},"13":{"start":{"line":33,"column":2},"end":{"line":33,"column":35}},"14":{"start":{"line":37,"column":0},"end":{"line":55,"column":3}},"15":{"start":{"line":39,"column":17},"end":{"line":39,"column":31}},"16":{"start":{"line":40,"column":30},"end":{"line":40,"column":42}},"17":{"start":{"line":42,"column":26},"end":{"line":42,"column":84}},"18":{"start":{"line":42,"column":63},"end":{"line":42,"column":83}},"19":{"start":{"line":44,"column":2},"end":{"line":46,"column":3}},"20":{"start":{"line":45,"column":4},"end":{"line":45,"column":39}},"21":{"start":{"line":48,"column":21},"end":{"line":48,"column":88}},"22":{"start":{"line":50,"column":2},"end":{"line":50,"column":45}},"23":{"start":{"line":52,"column":2},"end":{"line":52,"column":35}},"24":{"start":{"line":57,"column":0},"end":{"line":72,"column":3}},"25":{"start":{"line":59,"column":17},"end":{"line":59,"column":31}},"26":{"start":{"line":61,"column":26},"end":{"line":61,"column":84}},"27":{"start":{"line":61,"column":63},"end":{"line":61,"column":83}},"28":{"start":{"line":63,"column":2},"end":{"line":65,"column":3}},"29":{"start":{"line":64,"column":4},"end":{"line":64,"column":39}},"30":{"start":{"line":67,"column":2},"end":{"line":67,"column":42}},"31":{"start":{"line":69,"column":2},"end":{"line":69,"column":37}},"32":{"start":{"line":74,"column":0},"end":{"line":89,"column":3}},"33":{"start":{"line":75,"column":17},"end":{"line":75,"column":31}},"34":{"start":{"line":77,"column":26},"end":{"line":77,"column":84}},"35":{"start":{"line":77,"column":63},"end":{"line":77,"column":83}},"36":{"start":{"line":79,"column":2},"end":{"line":81,"column":3}},"37":{"start":{"line":80,"column":4},"end":{"line":80,"column":39}},"38":{"start":{"line":83,"column":2},"end":{"line":83,"column":42}},"39":{"start":{"line":85,"column":2},"end":{"line":85,"column":54}},"40":{"start":{"line":91,"column":0},"end":{"line":91,"column":21}}},"fnMap":{"0":{"name":"(anonymous_0)","decl":{"start":{"line":13,"column":25},"end":{"line":13,"column":26}},"loc":{"start":{"line":13,"column":48},"end":{"line":17,"column":1}},"line":13},"1":{"name":"(anonymous_1)","decl":{"start":{"line":19,"column":26},"end":{"line":19,"column":27}},"loc":{"start":{"line":19,"column":49},"end":{"line":35,"column":1}},"line":19},"2":{"name":"(anonymous_2)","decl":{"start":{"line":37,"column":29},"end":{"line":37,"column":30}},"loc":{"start":{"line":37,"column":52},"end":{"line":55,"column":1}},"line":37},"3":{"name":"(anonymous_3)","decl":{"start":{"line":42,"column":49},"end":{"line":42,"column":50}},"loc":{"start":{"line":42,"column":63},"end":{"line":42,"column":83}},"line":42},"4":{"name":"(anonymous_4)","decl":{"start":{"line":57,"column":32},"end":{"line":57,"column":33}},"loc":{"start":{"line":57,"column":55},"end":{"line":72,"column":1}},"line":57},"5":{"name":"(anonymous_5)","decl":{"start":{"line":61,"column":49},"end":{"line":61,"column":50}},"loc":{"start":{"line":61,"column":63},"end":{"line":61,"column":83}},"line":61},"6":{"name":"(anonymous_6)","decl":{"start":{"line":74,"column":35},"end":{"line":74,"column":36}},"loc":{"start":{"line":74,"column":58},"end":{"line":89,"column":1}},"line":74},"7":{"name":"(anonymous_7)","decl":{"start":{"line":77,"column":49},"end":{"line":77,"column":50}},"loc":{"start":{"line":77,"column":63},"end":{"line":77,"column":83}},"line":77}},"branchMap":{"0":{"loc":{"start":{"line":44,"column":2},"end":{"line":46,"column":3}},"type":"if","locations":[{"start":{"line":44,"column":2},"end":{"line":46,"column":3}},{"start":{"line":44,"column":2},"end":{"line":46,"column":3}}],"line":44},"1":{"loc":{"start":{"line":63,"column":2},"end":{"line":65,"column":3}},"type":"if","locations":[{"start":{"line":63,"column":2},"end":{"line":65,"column":3}},{"start":{"line":63,"column":2},"end":{"line":65,"column":3}}],"line":63},"2":{"loc":{"start":{"line":79,"column":2},"end":{"line":81,"column":3}},"type":"if","locations":[{"start":{"line":79,"column":2},"end":{"line":81,"column":3}},{"start":{"line":79,"column":2},"end":{"line":81,"column":3}}],"line":79}},"s":{"0":2,"1":2,"2":2,"3":2,"4":2,"5":2,"6":2,"7":2,"8":2,"9":2,"10":6,"11":6,"12":6,"13":6,"14":2,"15":3,"16":3,"17":3,"18":10,"19":3,"20":1,"21":2,"22":2,"23":2,"24":2,"25":2,"26":2,"27":9,"28":2,"29":1,"30":1,"31":1,"32":2,"33":4,"34":4,"35":7,"36":4,"37":1,"38":3,"39":3,"40":2},"f":{"0":2,"1":6,"2":3,"3":10,"4":2,"5":9,"6":4,"7":7},"b":{"0":[1,2],"1":[1,1],"2":[1,3]},"_coverageSchema":"1a1c01bbd47fc00a2c39e90264f33305004495a9","hash":"9aed518423466acd0a525b5f5493bd5b4beee941"}
}
