TN:
SF:src\app.js
FN:13,(anonymous_0)
FN:19,(anonymous_1)
FN:37,(anonymous_2)
FN:42,(anonymous_3)
FN:57,(anonymous_4)
FN:61,(anonymous_5)
FN:74,(anonymous_6)
FN:77,(anonymous_7)
FNF:8
FNH:8
FNDA:2,(anonymous_0)
FNDA:6,(anonymous_1)
FNDA:3,(anonymous_2)
FNDA:10,(anonymous_3)
FNDA:2,(anonymous_4)
FNDA:9,(anonymous_5)
FNDA:4,(anonymous_6)
FNDA:7,(anonymous_7)
DA:1,2
DA:2,2
DA:4,2
DA:6,2
DA:8,2
DA:9,2
DA:11,2
DA:13,2
DA:15,2
DA:19,2
DA:21,6
DA:23,6
DA:31,6
DA:33,6
DA:37,2
DA:39,3
DA:40,3
DA:42,10
DA:44,3
DA:45,1
DA:48,2
DA:50,2
DA:52,2
DA:57,2
DA:59,2
DA:61,9
DA:63,2
DA:64,1
DA:67,1
DA:69,1
DA:74,2
DA:75,4
DA:77,7
DA:79,4
DA:80,1
DA:83,3
DA:85,3
DA:91,2
LF:38
LH:38
BRDA:44,0,0,1
BRDA:44,0,1,2
BRDA:63,1,0,1
BRDA:63,1,1,1
BRDA:79,2,0,1
BRDA:79,2,1,3
BRF:6
BRH:6
end_of_record
